Build started 4/22/2015 10:33:11 AM.
     1>Project "D:\MyDocs\Documents\Visual Studio 2010\Projects\Rowing\Rowing\seniorDesign\Rowing.vcxproj" on node 2 (build target(s)).
     1>InitializeBuildStatus:
         Touching "Debug\Rowing.unsuccessfulbuild".
       ClCompile:
         C:\Program Files (x86)\Microsoft Visual Studio 10.0\VC\bin\CL.exe /c /ZI /nologo /W3 /WX- /Od /Oy- /D _MBCS /Gm /EHsc /RTC1 /MDd /GS /fp:precise /Zc:wchar_t /Zc:forScope /Fo"Debug\\" /Fd"Debug\vc100.pdb" /Gd /TC /analyze- /errorReport:prompt filter.c main.c strokeRate.c
         strokeRate.c
     1>d:\mydocs\documents\visual studio 2010\projects\rowing\rowing\seniordesign\strokerate.c(77): warning C4996: 'fopen': This function or variable may be unsafe. Consider using fopen_s instead. To disable deprecation, use _CRT_SECURE_NO_WARNINGS. See online help for details.
                 c:\program files (x86)\microsoft visual studio 10.0\vc\include\stdio.h(234) : see declaration of 'fopen'
     1>d:\mydocs\documents\visual studio 2010\projects\rowing\rowing\seniordesign\strokerate.c(90): warning C4996: 'fscanf': This function or variable may be unsafe. Consider using fscanf_s instead. To disable deprecation, use _CRT_SECURE_NO_WARNINGS. See online help for details.
                 c:\program files (x86)\microsoft visual studio 10.0\vc\include\stdio.h(253) : see declaration of 'fscanf'
     1>d:\mydocs\documents\visual studio 2010\projects\rowing\rowing\seniordesign\strokerate.c(103): warning C4996: 'fscanf': This function or variable may be unsafe. Consider using fscanf_s instead. To disable deprecation, use _CRT_SECURE_NO_WARNINGS. See online help for details.
                 c:\program files (x86)\microsoft visual studio 10.0\vc\include\stdio.h(253) : see declaration of 'fscanf'
     1>d:\mydocs\documents\visual studio 2010\projects\rowing\rowing\seniordesign\strokerate.c(133): warning C4996: 'scanf': This function or variable may be unsafe. Consider using scanf_s instead. To disable deprecation, use _CRT_SECURE_NO_WARNINGS. See online help for details.
                 c:\program files (x86)\microsoft visual studio 10.0\vc\include\stdio.h(304) : see declaration of 'scanf'
         main.c
         filter.c
         Generating Code...
       Link:
         C:\Program Files (x86)\Microsoft Visual Studio 10.0\VC\bin\link.exe /ERRORREPORT:PROMPT /OUT:"D:\MyDocs\Documents\Visual Studio 2010\Projects\Rowing\Rowing\seniorDesign\Debug\Rowing.exe" /NOLOGO kernel32.lib user32.lib gdi32.lib winspool.lib comdlg32.lib advapi32.lib shell32.lib ole32.lib oleaut32.lib uuid.lib odbc32.lib odbccp32.lib /MANIFEST /ManifestFile:"Debug\Rowing.exe.intermediate.manifest" /MANIFESTUAC:"level='asInvoker' uiAccess='false'" /DEBUG /PDB:"D:\MyDocs\Documents\Visual Studio 2010\Projects\Rowing\Rowing\seniorDesign\Debug\Rowing.pdb" /SUBSYSTEM:CONSOLE /TLBID:1 /DYNAMICBASE /NXCOMPAT /IMPLIB:"D:\MyDocs\Documents\Visual Studio 2010\Projects\Rowing\Rowing\seniorDesign\Debug\Rowing.lib" /MACHINE:X86 Debug\filterTest.obj
         Debug\filter.obj
         Debug\main.obj
         Debug\strokeRate.obj
         Debug\test.obj
         Rowing.vcxproj -> D:\MyDocs\Documents\Visual Studio 2010\Projects\Rowing\Rowing\seniorDesign\Debug\Rowing.exe
       Manifest:
         C:\Program Files (x86)\Microsoft SDKs\Windows\v7.0A\bin\mt.exe /nologo /verbose /outputresource:"D:\MyDocs\Documents\Visual Studio 2010\Projects\Rowing\Rowing\seniorDesign\Debug\Rowing.exe;#1" /manifest Debug\Rowing.exe.intermediate.manifest
       FinalizeBuildStatus:
         Deleting file "Debug\Rowing.unsuccessfulbuild".
         Touching "Debug\Rowing.lastbuildstate".
     1>Done Building Project "D:\MyDocs\Documents\Visual Studio 2010\Projects\Rowing\Rowing\seniorDesign\Rowing.vcxproj" (build target(s)).

Build succeeded.

Time Elapsed 00:00:00.41
