D:\MYDOCS\DOCUMENTS\VISUAL STUDIO 2010\PROJECTS\ROWING\DEBUG\ROWING.EXE
D:\MyDocs\Documents\Visual Studio 2010\Projects\Rowing\Debug\Rowing.pdb
D:\MYDOCS\DOCUMENTS\VISUAL STUDIO 2010\PROJECTS\ROWING\ROWING\DEBUG\FILTER.OBJ
D:\MYDOCS\DOCUMENTS\VISUAL STUDIO 2010\PROJECTS\ROWING\ROWING\DEBUG\VC100.PDB
D:\MyDocs\Documents\Visual Studio 2010\Projects\Rowing\Rowing\seniorDesign\Debug\cl.command.1.tlog
D:\MyDocs\Documents\Visual Studio 2010\Projects\Rowing\Rowing\seniorDesign\Debug\CL.read.1.tlog
D:\MyDocs\Documents\Visual Studio 2010\Projects\Rowing\Rowing\seniorDesign\Debug\CL.write.1.tlog
D:\MYDOCS\DOCUMENTS\VISUAL STUDIO 2010\PROJECTS\ROWING\ROWING\SENIORDESIGN\DEBUG\FILTER.OBJ
D:\MyDocs\Documents\Visual Studio 2010\Projects\Rowing\Rowing\seniorDesign\Debug\link.command.1.tlog
D:\MyDocs\Documents\Visual Studio 2010\Projects\Rowing\Rowing\seniorDesign\Debug\link.read.1.tlog
D:\MyDocs\Documents\Visual Studio 2010\Projects\Rowing\Rowing\seniorDesign\Debug\link.write.1.tlog
D:\MyDocs\Documents\Visual Studio 2010\Projects\Rowing\Rowing\seniorDesign\Debug\mt.command.1.tlog
D:\MyDocs\Documents\Visual Studio 2010\Projects\Rowing\Rowing\seniorDesign\Debug\mt.read.1.tlog
D:\MyDocs\Documents\Visual Studio 2010\Projects\Rowing\Rowing\seniorDesign\Debug\mt.write.1.tlog
D:\MyDocs\Documents\Visual Studio 2010\Projects\Rowing\Rowing\seniorDesign\Debug\Rowing.exe.intermediate.manifest
D:\MyDocs\Documents\Visual Studio 2010\Projects\Rowing\Rowing\seniorDesign\Debug\Rowing.vcxprojResolveAssemblyReference.cache
D:\MyDocs\Documents\Visual Studio 2010\Projects\Rowing\Rowing\seniorDesign\Debug\Rowing.write.1.tlog
D:\MYDOCS\DOCUMENTS\VISUAL STUDIO 2010\PROJECTS\ROWING\ROWING\SENIORDESIGN\DEBUG\STROKERATE.OBJ
D:\MYDOCS\DOCUMENTS\VISUAL STUDIO 2010\PROJECTS\ROWING\ROWING\SENIORDESIGN\DEBUG\TEST.OBJ
D:\MyDocs\Documents\Visual Studio 2010\Projects\Rowing\Rowing\seniorDesign\Debug\vc100.idb
D:\MYDOCS\DOCUMENTS\VISUAL STUDIO 2010\PROJECTS\ROWING\ROWING\SENIORDESIGN\DEBUG\VC100.PDB
