Build started 4/21/2015 9:58:35 PM.
     1>Project "D:\MyDocs\Documents\Visual Studio 2010\Projects\Rowing\Rowing\seniorDesign\Rowing.vcxproj" on node 2 (build target(s)).
     1>InitializeBuildStatus:
         Creating "Release\Rowing.unsuccessfulbuild" because "AlwaysCreate" was specified.
       ClCompile:
         C:\Program Files (x86)\Microsoft Visual Studio 10.0\VC\bin\CL.exe /c /Zi /nologo /W3 /WX- /O2 /Oi /Oy- /GL /D _MBCS /Gm- /EHsc /MD /GS /Gy /fp:precise /Zc:wchar_t /Zc:forScope /Fo"Release\\" /Fd"Release\vc100.pdb" /Gd /TC /analyze- /errorReport:prompt strokeRate.c
         strokeRate.c
     1>strokeRate.c(64): warning C4996: 'fopen': This function or variable may be unsafe. Consider using fopen_s instead. To disable deprecation, use _CRT_SECURE_NO_WARNINGS. See online help for details.
                 C:\Program Files (x86)\Microsoft Visual Studio 10.0\VC\include\stdio.h(234) : see declaration of 'fopen'
     1>strokeRate.c(77): warning C4996: 'fscanf': This function or variable may be unsafe. Consider using fscanf_s instead. To disable deprecation, use _CRT_SECURE_NO_WARNINGS. See online help for details.
                 C:\Program Files (x86)\Microsoft Visual Studio 10.0\VC\include\stdio.h(253) : see declaration of 'fscanf'
     1>strokeRate.c(89): warning C4996: 'fscanf': This function or variable may be unsafe. Consider using fscanf_s instead. To disable deprecation, use _CRT_SECURE_NO_WARNINGS. See online help for details.
                 C:\Program Files (x86)\Microsoft Visual Studio 10.0\VC\include\stdio.h(253) : see declaration of 'fscanf'
       Link:
         C:\Program Files (x86)\Microsoft Visual Studio 10.0\VC\bin\link.exe /ERRORREPORT:PROMPT /OUT:"D:\MyDocs\Documents\Visual Studio 2010\Projects\Rowing\Release\Rowing.exe" /NOLOGO kernel32.lib user32.lib gdi32.lib winspool.lib comdlg32.lib advapi32.lib shell32.lib ole32.lib oleaut32.lib uuid.lib odbc32.lib odbccp32.lib /MANIFEST /ManifestFile:"Release\Rowing.exe.intermediate.manifest" /MANIFESTUAC:"level='asInvoker' uiAccess='false'" /DEBUG /PDB:"D:\MyDocs\Documents\Visual Studio 2010\Projects\Rowing\Release\Rowing.pdb" /OPT:REF /OPT:ICF /LTCG /TLBID:1 /DYNAMICBASE /NXCOMPAT /IMPLIB:"D:\MyDocs\Documents\Visual Studio 2010\Projects\Rowing\Release\Rowing.lib" /MACHINE:X86 Release\filter.obj
         Release\strokeRate.obj
         Release\test.obj
         Generating code
         Finished generating code
         Rowing.vcxproj -> D:\MyDocs\Documents\Visual Studio 2010\Projects\Rowing\Release\Rowing.exe
       Manifest:
         C:\Program Files (x86)\Microsoft SDKs\Windows\v7.0A\bin\mt.exe /nologo /verbose /outputresource:"D:\MyDocs\Documents\Visual Studio 2010\Projects\Rowing\Release\Rowing.exe;#1" /manifest Release\Rowing.exe.intermediate.manifest
       FinalizeBuildStatus:
         Deleting file "Release\Rowing.unsuccessfulbuild".
         Touching "Release\Rowing.lastbuildstate".
     1>Done Building Project "D:\MyDocs\Documents\Visual Studio 2010\Projects\Rowing\Rowing\seniorDesign\Rowing.vcxproj" (build target(s)).

Build succeeded.

Time Elapsed 00:00:00.33
